  [1m[35m (416.6ms)[0m  [1m[35mCREATE DATABASE "rails_react_recipe_development" ENCODING = 'unicode'[0m
  ↳ /Users/shanelian/.rbenv/versions/2.5.1/bin/rake:23
  [1m[35m (397.6ms)[0m  [1m[35mCREATE DATABASE "rails_react_recipe_test" ENCODING = 'unicode'[0m
  ↳ /Users/shanelian/.rbenv/versions/2.5.1/bin/rake:23
  [1m[35m (45.0ms)[0m  [1m[35mCREATE TABLE "schema_migrations" ("version" character varying NOT NULL PRIMARY KEY)[0m
  ↳ /Users/shanelian/.rbenv/versions/2.5.1/bin/rake:23
  [1m[35m (44.5ms)[0m  [1m[35mCREATE TABLE "ar_internal_metadata" ("key" character varying NOT NULL PRIMARY KEY, "value" character varying, "created_at" timestamp NOT NULL, "updated_at" timestamp NOT NULL)[0m
  ↳ /Users/shanelian/.rbenv/versions/2.5.1/bin/rake:23
  [1m[35m (0.3ms)[0m  [1m[34mSELECT pg_try_advisory_lock(4756338405265642755)[0m
  ↳ /Users/shanelian/.rbenv/versions/2.5.1/bin/rake:23
  [1m[35m (0.5ms)[0m  [1m[34mSELECT "schema_migrations"."version" FROM "schema_migrations" ORDER BY "schema_migrations"."version" ASC[0m
  ↳ /Users/shanelian/.rbenv/versions/2.5.1/bin/rake:23
Migrating to CreateRecipes (20190407161357)
  [1m[35m (0.4ms)[0m  [1m[35mBEGIN[0m
  ↳ /Users/shanelian/.rbenv/versions/2.5.1/bin/rake:23
  [1m[35m (46.3ms)[0m  [1m[35mCREATE TABLE "recipes" ("id" bigserial primary key, "name" character varying NOT NULL, "ingredients" text NOT NULL, "instruction" text NOT NULL, "image" character varying DEFAULT 'https://raw.githubusercontent.com/9jaswag/react_rails_recipe/master/app/assets/images/sample_dish.jpg', "created_at" timestamp NOT NULL, "updated_at" timestamp NOT NULL)[0m
  ↳ db/migrate/20190407161357_create_recipes.rb:5
  [1m[36mActiveRecord::SchemaMigration Create (0.9ms)[0m  [1m[32mINSERT INTO "schema_migrations" ("version") VALUES ($1) RETURNING "version"[0m  [["version", "20190407161357"]]
  ↳ /Users/shanelian/.rbenv/versions/2.5.1/bin/rake:23
  [1m[35m (1.1ms)[0m  [1m[35mCOMMIT[0m
  ↳ /Users/shanelian/.rbenv/versions/2.5.1/bin/rake:23
  [1m[36mActiveRecord::InternalMetadata Load (0.9ms)[0m  [1m[34mSELECT  "ar_internal_metadata".* FROM "ar_internal_metadata" WHERE "ar_internal_metadata"."key" = $1 LIMIT $2[0m  [["key", "environment"], ["LIMIT", 1]]
  ↳ /Users/shanelian/.rbenv/versions/2.5.1/bin/rake:23
  [1m[35m (0.2ms)[0m  [1m[35mBEGIN[0m
  ↳ /Users/shanelian/.rbenv/versions/2.5.1/bin/rake:23
  [1m[36mActiveRecord::InternalMetadata Create (0.6ms)[0m  [1m[32mINSERT INTO "ar_internal_metadata" ("key", "value", "created_at", "updated_at") VALUES ($1, $2, $3, $4) RETURNING "key"[0m  [["key", "environment"], ["value", "development"], ["created_at", "2019-10-13 00:09:16.635159"], ["updated_at", "2019-10-13 00:09:16.635159"]]
  ↳ /Users/shanelian/.rbenv/versions/2.5.1/bin/rake:23
  [1m[35m (14.8ms)[0m  [1m[35mCOMMIT[0m
  ↳ /Users/shanelian/.rbenv/versions/2.5.1/bin/rake:23
  [1m[35m (0.4ms)[0m  [1m[34mSELECT pg_advisory_unlock(4756338405265642755)[0m
  ↳ /Users/shanelian/.rbenv/versions/2.5.1/bin/rake:23
  [1m[35m (0.5ms)[0m  [1m[34mSELECT "schema_migrations"."version" FROM "schema_migrations" ORDER BY "schema_migrations"."version" ASC[0m
  ↳ /Users/shanelian/.rbenv/versions/2.5.1/bin/rake:23
Started GET "/" for ::1 at 2019-10-12 17:10:22 -0700
  [1m[35m (0.6ms)[0m  [1m[34mSELECT "schema_migrations"."version" FROM "schema_migrations" ORDER BY "schema_migrations"."version" ASC[0m
  ↳ /Users/shanelian/.rbenv/versions/2.5.1/lib/ruby/gems/2.5.0/gems/activerecord-5.2.3/lib/active_record/log_subscriber.rb:98
Processing by HomepageController#index as HTML
  Rendering homepage/index.html.erb within layouts/application
  Rendered homepage/index.html.erb within layouts/application (2.0ms)
Completed 200 OK in 1362ms (Views: 1352.4ms | ActiveRecord: 0.0ms)


Started GET "/api/v1/recipes/index" for ::1 at 2019-10-12 17:10:26 -0700
Processing by Api::V1::RecipesController#index as */*
  [1m[36mRecipe Load (0.7ms)[0m  [1m[34mSELECT "recipes".* FROM "recipes" ORDER BY "recipes"."created_at" DESC[0m
  ↳ app/controllers/api/v1/recipes_controller.rb:6
Completed 200 OK in 9ms (Views: 0.8ms | ActiveRecord: 2.9ms)


Started GET "/api/v1/recipes/index" for ::1 at 2019-10-12 17:10:33 -0700
Processing by Api::V1::RecipesController#index as */*
  [1m[36mRecipe Load (0.7ms)[0m  [1m[34mSELECT "recipes".* FROM "recipes" ORDER BY "recipes"."created_at" DESC[0m
  ↳ app/controllers/api/v1/recipes_controller.rb:6
Completed 200 OK in 3ms (Views: 1.2ms | ActiveRecord: 0.7ms)


Started GET "/api/v1/recipes/index" for ::1 at 2019-10-12 17:10:36 -0700
Processing by Api::V1::RecipesController#index as */*
  [1m[36mRecipe Load (0.5ms)[0m  [1m[34mSELECT "recipes".* FROM "recipes" ORDER BY "recipes"."created_at" DESC[0m
  ↳ app/controllers/api/v1/recipes_controller.rb:6
Completed 200 OK in 3ms (Views: 1.3ms | ActiveRecord: 0.5ms)


Started GET "/api/v1/recipes/index" for ::1 at 2019-10-12 17:10:39 -0700
Processing by Api::V1::RecipesController#index as */*
  [1m[36mRecipe Load (0.7ms)[0m  [1m[34mSELECT "recipes".* FROM "recipes" ORDER BY "recipes"."created_at" DESC[0m
  ↳ app/controllers/api/v1/recipes_controller.rb:6
Completed 200 OK in 3ms (Views: 1.3ms | ActiveRecord: 0.7ms)


Started POST "/api/v1/recipes/create" for ::1 at 2019-10-12 17:10:58 -0700
Processing by Api::V1::RecipesController#create as */*
  Parameters: {"name"=>"Test 1", "ingredients"=>"hahhah, hehhe", "instruction"=>"1. Ggaga&lt;br&gt; &lt;br&gt;2. dawjio&lt;br&gt; &lt;br&gt;3. dawjiodaw", "recipe"=>{"name"=>"Test 1", "ingredients"=>"hahhah, hehhe", "instruction"=>"1. Ggaga&lt;br&gt; &lt;br&gt;2. dawjio&lt;br&gt; &lt;br&gt;3. dawjiodaw"}}
Unpermitted parameter: :recipe
  [1m[35m (0.2ms)[0m  [1m[35mBEGIN[0m
  ↳ app/controllers/api/v1/recipes_controller.rb:10
  [1m[36mRecipe Create (0.7ms)[0m  [1m[32mINSERT INTO "recipes" ("name", "ingredients", "instruction", "created_at", "updated_at") VALUES ($1, $2, $3, $4, $5) RETURNING "id"[0m  [["name", "Test 1"], ["ingredients", "hahhah, hehhe"], ["instruction", "1. Ggaga&lt;br&gt; &lt;br&gt;2. dawjio&lt;br&gt; &lt;br&gt;3. dawjiodaw"], ["created_at", "2019-10-13 00:10:59.014768"], ["updated_at", "2019-10-13 00:10:59.014768"]]
  ↳ app/controllers/api/v1/recipes_controller.rb:10
  [1m[35m (0.5ms)[0m  [1m[35mCOMMIT[0m
  ↳ app/controllers/api/v1/recipes_controller.rb:10
Completed 200 OK in 17ms (Views: 0.5ms | ActiveRecord: 8.0ms)


Started GET "/api/v1/show/1" for ::1 at 2019-10-12 17:10:59 -0700
Processing by Api::V1::RecipesController#show as */*
  Parameters: {"id"=>"1"}
  [1m[36mRecipe Load (0.2ms)[0m  [1m[34mSELECT  "recipes".* FROM "recipes" WHERE "recipes"."id" = $1 LIMIT $2[0m  [["id", 1], ["LIMIT", 1]]
  ↳ app/controllers/api/v1/recipes_controller.rb:38
Completed 200 OK in 11ms (Views: 0.6ms | ActiveRecord: 0.4ms)


Started GET "/api/v1/recipes/index" for ::1 at 2019-10-12 17:11:02 -0700
Processing by Api::V1::RecipesController#index as */*
  [1m[36mRecipe Load (0.3ms)[0m  [1m[34mSELECT "recipes".* FROM "recipes" ORDER BY "recipes"."created_at" DESC[0m
  ↳ app/controllers/api/v1/recipes_controller.rb:6
Completed 200 OK in 2ms (Views: 1.1ms | ActiveRecord: 0.3ms)


Started POST "/api/v1/recipes/create" for ::1 at 2019-10-12 17:11:21 -0700
Processing by Api::V1::RecipesController#create as */*
  Parameters: {"name"=>"Test 2", "ingredients"=>"dwa", "instruction"=>"1. 23&lt;br&gt; &lt;br&gt;2. dwah&lt;br&gt; &lt;br&gt;3. dwajiodaw", "recipe"=>{"name"=>"Test 2", "ingredients"=>"dwa", "instruction"=>"1. 23&lt;br&gt; &lt;br&gt;2. dwah&lt;br&gt; &lt;br&gt;3. dwajiodaw"}}
Unpermitted parameter: :recipe
  [1m[35m (0.2ms)[0m  [1m[35mBEGIN[0m
  ↳ app/controllers/api/v1/recipes_controller.rb:10
  [1m[36mRecipe Create (0.4ms)[0m  [1m[32mINSERT INTO "recipes" ("name", "ingredients", "instruction", "created_at", "updated_at") VALUES ($1, $2, $3, $4, $5) RETURNING "id"[0m  [["name", "Test 2"], ["ingredients", "dwa"], ["instruction", "1. 23&lt;br&gt; &lt;br&gt;2. dwah&lt;br&gt; &lt;br&gt;3. dwajiodaw"], ["created_at", "2019-10-13 00:11:21.525262"], ["updated_at", "2019-10-13 00:11:21.525262"]]
  ↳ app/controllers/api/v1/recipes_controller.rb:10
  [1m[35m (40.4ms)[0m  [1m[35mCOMMIT[0m
  ↳ app/controllers/api/v1/recipes_controller.rb:10
Completed 200 OK in 46ms (Views: 0.5ms | ActiveRecord: 41.0ms)


Started GET "/api/v1/show/2" for ::1 at 2019-10-12 17:11:21 -0700
Processing by Api::V1::RecipesController#show as */*
  Parameters: {"id"=>"2"}
  [1m[36mRecipe Load (0.4ms)[0m  [1m[34mSELECT  "recipes".* FROM "recipes" WHERE "recipes"."id" = $1 LIMIT $2[0m  [["id", 2], ["LIMIT", 1]]
  ↳ app/controllers/api/v1/recipes_controller.rb:38
Completed 200 OK in 2ms (Views: 0.4ms | ActiveRecord: 0.4ms)


Started GET "/api/v1/recipes/index" for ::1 at 2019-10-12 17:11:23 -0700
Processing by Api::V1::RecipesController#index as */*
  [1m[36mRecipe Load (0.7ms)[0m  [1m[34mSELECT "recipes".* FROM "recipes" ORDER BY "recipes"."created_at" DESC[0m
  ↳ app/controllers/api/v1/recipes_controller.rb:6
Completed 200 OK in 5ms (Views: 2.7ms | ActiveRecord: 0.7ms)


Started GET "/api/v1/show/2" for ::1 at 2019-10-12 17:11:27 -0700
Processing by Api::V1::RecipesController#show as */*
  Parameters: {"id"=>"2"}
  [1m[36mRecipe Load (1.4ms)[0m  [1m[34mSELECT  "recipes".* FROM "recipes" WHERE "recipes"."id" = $1 LIMIT $2[0m  [["id", 2], ["LIMIT", 1]]
  ↳ app/controllers/api/v1/recipes_controller.rb:38
Completed 200 OK in 4ms (Views: 0.9ms | ActiveRecord: 1.4ms)


Started DELETE "/api/v1/destroy/2" for ::1 at 2019-10-12 17:11:28 -0700
Processing by Api::V1::RecipesController#destroy as */*
  Parameters: {"id"=>"2", "recipe"=>{}}
  [1m[36mRecipe Load (0.2ms)[0m  [1m[34mSELECT  "recipes".* FROM "recipes" WHERE "recipes"."id" = $1 LIMIT $2[0m  [["id", 2], ["LIMIT", 1]]
  ↳ app/controllers/api/v1/recipes_controller.rb:38
  [1m[35m (0.1ms)[0m  [1m[35mBEGIN[0m
  ↳ app/controllers/api/v1/recipes_controller.rb:27
  [1m[36mRecipe Destroy (0.2ms)[0m  [1m[31mDELETE FROM "recipes" WHERE "recipes"."id" = $1[0m  [["id", 2]]
  ↳ app/controllers/api/v1/recipes_controller.rb:27
  [1m[35m (2.2ms)[0m  [1m[35mCOMMIT[0m
  ↳ app/controllers/api/v1/recipes_controller.rb:27
Completed 200 OK in 5ms (Views: 0.1ms | ActiveRecord: 2.8ms)


Started GET "/api/v1/recipes/index" for ::1 at 2019-10-12 17:11:28 -0700
Processing by Api::V1::RecipesController#index as */*
  [1m[36mRecipe Load (0.6ms)[0m  [1m[34mSELECT "recipes".* FROM "recipes" ORDER BY "recipes"."created_at" DESC[0m
  ↳ app/controllers/api/v1/recipes_controller.rb:6
Completed 200 OK in 4ms (Views: 2.1ms | ActiveRecord: 0.6ms)


Started GET "/" for ::1 at 2019-10-12 17:12:00 -0700
Processing by HomepageController#index as HTML
  Rendering homepage/index.html.erb within layouts/application
  Rendered homepage/index.html.erb within layouts/application (0.5ms)
Completed 200 OK in 29ms (Views: 25.3ms | ActiveRecord: 0.0ms)


Started GET "/api/v1/recipes/index" for ::1 at 2019-10-12 17:13:35 -0700
Processing by Api::V1::RecipesController#index as */*
  [1m[36mRecipe Load (0.5ms)[0m  [1m[34mSELECT "recipes".* FROM "recipes" ORDER BY "recipes"."created_at" DESC[0m
  ↳ app/controllers/api/v1/recipes_controller.rb:6
Completed 200 OK in 3ms (Views: 1.5ms | ActiveRecord: 0.5ms)


Started GET "/api/v1/show/1" for ::1 at 2019-10-12 17:13:37 -0700
Processing by Api::V1::RecipesController#show as */*
  Parameters: {"id"=>"1"}
  [1m[36mRecipe Load (0.3ms)[0m  [1m[34mSELECT  "recipes".* FROM "recipes" WHERE "recipes"."id" = $1 LIMIT $2[0m  [["id", 1], ["LIMIT", 1]]
  ↳ app/controllers/api/v1/recipes_controller.rb:38
Completed 200 OK in 3ms (Views: 0.9ms | ActiveRecord: 0.3ms)


Started GET "/api/v1/recipes/index" for ::1 at 2019-10-12 17:13:40 -0700
Processing by Api::V1::RecipesController#index as */*
  [1m[36mRecipe Load (0.3ms)[0m  [1m[34mSELECT "recipes".* FROM "recipes" ORDER BY "recipes"."created_at" DESC[0m
  ↳ app/controllers/api/v1/recipes_controller.rb:6
Completed 200 OK in 2ms (Views: 1.1ms | ActiveRecord: 0.3ms)


Started GET "/api/v1/recipes/index" for ::1 at 2019-10-12 17:18:23 -0700
Processing by Api::V1::RecipesController#index as */*
  [1m[36mRecipe Load (0.5ms)[0m  [1m[34mSELECT "recipes".* FROM "recipes" ORDER BY "recipes"."created_at" DESC[0m
  ↳ app/controllers/api/v1/recipes_controller.rb:6
Completed 200 OK in 3ms (Views: 1.5ms | ActiveRecord: 0.5ms)


Started GET "/api/v1/recipes/index" for ::1 at 2019-10-12 17:18:24 -0700
Processing by Api::V1::RecipesController#index as */*
  [1m[36mRecipe Load (0.4ms)[0m  [1m[34mSELECT "recipes".* FROM "recipes" ORDER BY "recipes"."created_at" DESC[0m
  ↳ app/controllers/api/v1/recipes_controller.rb:6
Completed 200 OK in 3ms (Views: 1.8ms | ActiveRecord: 0.4ms)


Started GET "/api/v1/show/1" for ::1 at 2019-10-12 17:18:25 -0700
Processing by Api::V1::RecipesController#show as */*
  Parameters: {"id"=>"1"}
  [1m[36mRecipe Load (0.3ms)[0m  [1m[34mSELECT  "recipes".* FROM "recipes" WHERE "recipes"."id" = $1 LIMIT $2[0m  [["id", 1], ["LIMIT", 1]]
  ↳ app/controllers/api/v1/recipes_controller.rb:38
Completed 200 OK in 2ms (Views: 0.4ms | ActiveRecord: 0.3ms)


Started GET "/api/v1/recipes/index" for ::1 at 2019-10-12 17:18:26 -0700
Processing by Api::V1::RecipesController#index as */*
  [1m[36mRecipe Load (0.6ms)[0m  [1m[34mSELECT "recipes".* FROM "recipes" ORDER BY "recipes"."created_at" DESC[0m
  ↳ app/controllers/api/v1/recipes_controller.rb:6
Completed 200 OK in 3ms (Views: 1.6ms | ActiveRecord: 0.6ms)


